2025-09-30 16:53:00 - bpgv_strategy - INFO - ============================================================
2025-09-30 16:53:00 - bpgv_strategy - INFO - BPGV TRADING STRATEGY - EXECUTION STARTED
2025-09-30 16:53:00 - bpgv_strategy - INFO - ============================================================
2025-09-30 16:53:00 - bpgv_strategy - INFO - Loading configuration...
2025-09-30 16:53:00 - bpgv_strategy - INFO - Configuration loaded: config/config.yaml
2025-09-30 16:53:00 - bpgv_strategy - INFO - Date range: 2015-01-01 to 2021-12-31
2025-09-30 16:53:00 - bpgv_strategy - INFO - 
========================================
2025-09-30 16:53:00 - bpgv_strategy - INFO - STEP 1: FETCHING DATA
2025-09-30 16:53:00 - bpgv_strategy - INFO - ========================================
2025-09-30 16:53:00 - bpgv_strategy - INFO - Data fetched successfully:
2025-09-30 16:53:00 - bpgv_strategy - INFO -   - Building permits: 84 months
2025-09-30 16:53:00 - bpgv_strategy - INFO -   - Unemployment: 84 months
2025-09-30 16:53:00 - bpgv_strategy - INFO -   - Futures data: 1760 days
2025-09-30 16:53:00 - bpgv_strategy - INFO - 
========================================
2025-09-30 16:53:00 - bpgv_strategy - INFO - STEP 2: GARCH MODEL & VOLATILITY FORECASTING
2025-09-30 16:53:00 - bpgv_strategy - INFO - ========================================
2025-09-30 16:53:00 - bpgv_strategy - INFO - Generating volatility forecasts using walk-forward analysis...
2025-09-30 16:53:00 - bpgv_strategy - INFO - GARCH model diagnostics:
2025-09-30 16:53:00 - bpgv_strategy - INFO -   - Persistence: 0.698
2025-09-30 16:53:00 - bpgv_strategy - INFO -   - Log-likelihood: -224.68
2025-09-30 16:53:00 - bpgv_strategy - INFO -   - AIC: 455.37
2025-09-30 16:53:00 - bpgv_strategy - INFO - 
========================================
2025-09-30 16:53:00 - bpgv_strategy - INFO - STEP 3: SIGNAL GENERATION
2025-09-30 16:53:00 - bpgv_strategy - INFO - ========================================
2025-09-30 16:53:00 - bpgv_strategy - INFO - Signal statistics:
2025-09-30 16:53:00 - bpgv_strategy - INFO -   - Long signals: 0
2025-09-30 16:53:00 - bpgv_strategy - INFO -   - Short signals: 0
2025-09-30 16:53:00 - bpgv_strategy - INFO -   - Neutral periods: 24
2025-09-30 16:53:00 - bpgv_strategy - INFO -   - Filtered by regime: 0
2025-09-30 16:53:00 - bpgv_strategy - INFO - 
========================================
2025-09-30 16:53:00 - bpgv_strategy - INFO - STEP 4: BACKTESTING
2025-09-30 16:53:00 - bpgv_strategy - INFO - ========================================
2025-09-30 16:53:00 - bpgv_strategy - INFO - Running backtest with initial capital: $1,000,000
2025-09-30 16:53:00 - bpgv_strategy - INFO - Trade statistics:
2025-09-30 16:53:00 - bpgv_strategy - INFO -   - Total trades: 0
2025-09-30 16:53:00 - bpgv_strategy - INFO -   - Win rate: 0.0%
2025-09-30 16:53:00 - bpgv_strategy - INFO -   - Profit factor: 0.00
2025-09-30 16:53:00 - bpgv_strategy - INFO - 
========================================
2025-09-30 16:53:00 - bpgv_strategy - INFO - STEP 5: PERFORMANCE ANALYSIS
2025-09-30 16:53:00 - bpgv_strategy - INFO - ========================================
2025-09-30 16:53:00 - bpgv_strategy - INFO - Performance metrics:
2025-09-30 16:53:00 - bpgv_strategy - INFO -   - Total Return: 0.00%
2025-09-30 16:53:00 - bpgv_strategy - INFO -   - Annual Return: 0.00%
2025-09-30 16:53:00 - bpgv_strategy - INFO -   - Sharpe Ratio: 0.00
2025-09-30 16:53:00 - bpgv_strategy - INFO -   - Max Drawdown: 0.00%
2025-09-30 16:53:00 - bpgv_strategy - INFO -   - Calmar Ratio: 0.00
2025-09-30 16:53:00 - bpgv_strategy - INFO - 
========================================
2025-09-30 16:53:00 - bpgv_strategy - INFO - STEP 6: GENERATING VISUALIZATIONS
2025-09-30 16:53:00 - bpgv_strategy - INFO - ========================================
