2025-09-30 17:03:43 - bpgv_strategy - INFO - ============================================================
2025-09-30 17:03:43 - bpgv_strategy - INFO - BPGV TRADING STRATEGY - EXECUTION STARTED
2025-09-30 17:03:43 - bpgv_strategy - INFO - ============================================================
2025-09-30 17:03:43 - bpgv_strategy - INFO - Loading configuration...
2025-09-30 17:03:43 - bpgv_strategy - INFO - Configuration loaded: config/config.yaml
2025-09-30 17:03:43 - bpgv_strategy - INFO - Date range: 2015-01-01 to 2021-12-31
2025-09-30 17:03:43 - bpgv_strategy - INFO - 
========================================
2025-09-30 17:03:43 - bpgv_strategy - INFO - STEP 1: FETCHING DATA
2025-09-30 17:03:43 - bpgv_strategy - INFO - ========================================
2025-09-30 17:03:43 - bpgv_strategy - INFO - Data fetched successfully:
2025-09-30 17:03:43 - bpgv_strategy - INFO -   - Building permits: 84 months
2025-09-30 17:03:43 - bpgv_strategy - INFO -   - Unemployment: 84 months
2025-09-30 17:03:43 - bpgv_strategy - INFO -   - Futures data: 1760 days
2025-09-30 17:03:43 - bpgv_strategy - INFO - 
========================================
2025-09-30 17:03:43 - bpgv_strategy - INFO - STEP 2: GARCH MODEL & VOLATILITY FORECASTING
2025-09-30 17:03:43 - bpgv_strategy - INFO - ========================================
2025-09-30 17:03:43 - bpgv_strategy - INFO - Generating volatility forecasts using walk-forward analysis...
2025-09-30 17:03:43 - bpgv_strategy - INFO - GARCH model diagnostics:
2025-09-30 17:03:43 - bpgv_strategy - INFO -   - Persistence: 0.698
2025-09-30 17:03:43 - bpgv_strategy - INFO -   - Log-likelihood: -224.68
2025-09-30 17:03:43 - bpgv_strategy - INFO -   - AIC: 455.37
2025-09-30 17:03:43 - bpgv_strategy - INFO - 
========================================
2025-09-30 17:03:43 - bpgv_strategy - INFO - STEP 3: SIGNAL GENERATION
2025-09-30 17:03:43 - bpgv_strategy - INFO - ========================================
2025-09-30 17:03:43 - bpgv_strategy - INFO - Signal statistics:
2025-09-30 17:03:43 - bpgv_strategy - INFO -   - Long signals: 10
2025-09-30 17:03:43 - bpgv_strategy - INFO -   - Short signals: 0
2025-09-30 17:03:43 - bpgv_strategy - INFO -   - Neutral periods: 14
2025-09-30 17:03:43 - bpgv_strategy - INFO -   - Filtered by regime: 0
2025-09-30 17:03:43 - bpgv_strategy - INFO - 
========================================
2025-09-30 17:03:43 - bpgv_strategy - INFO - STEP 4: BACKTESTING
2025-09-30 17:03:43 - bpgv_strategy - INFO - ========================================
2025-09-30 17:03:43 - bpgv_strategy - INFO - Running backtest with initial capital: $1,000,000
2025-09-30 17:03:43 - bpgv_strategy - INFO - Trade statistics:
2025-09-30 17:03:43 - bpgv_strategy - INFO -   - Total trades: 1
2025-09-30 17:03:43 - bpgv_strategy - INFO -   - Win rate: 100.0%
2025-09-30 17:03:43 - bpgv_strategy - INFO -   - Profit factor: inf
2025-09-30 17:03:43 - bpgv_strategy - INFO - 
========================================
2025-09-30 17:03:43 - bpgv_strategy - INFO - STEP 5: PERFORMANCE ANALYSIS
2025-09-30 17:03:43 - bpgv_strategy - INFO - ========================================
2025-09-30 17:03:43 - bpgv_strategy - INFO - Performance metrics:
2025-09-30 17:03:43 - bpgv_strategy - INFO -   - Total Return: 993.76%
2025-09-30 17:03:43 - bpgv_strategy - INFO -   - Annual Return: 248.37%
2025-09-30 17:03:43 - bpgv_strategy - INFO -   - Sharpe Ratio: 1.22
2025-09-30 17:03:43 - bpgv_strategy - INFO -   - Max Drawdown: -19.02%
2025-09-30 17:03:43 - bpgv_strategy - INFO -   - Calmar Ratio: 13.06
2025-09-30 17:03:43 - bpgv_strategy - INFO - 
========================================
2025-09-30 17:03:43 - bpgv_strategy - INFO - STEP 6: GENERATING VISUALIZATIONS
2025-09-30 17:03:43 - bpgv_strategy - INFO - ========================================
