2025-10-01 10:09:51 - bpgv_strategy - INFO - ============================================================
2025-10-01 10:09:51 - bpgv_strategy - INFO - BPGV TRADING STRATEGY - EXECUTION STARTED
2025-10-01 10:09:51 - bpgv_strategy - INFO - ============================================================
2025-10-01 10:09:51 - bpgv_strategy - INFO - Loading configuration...
2025-10-01 10:09:51 - bpgv_strategy - INFO - Configuration loaded: config/config.yaml
2025-10-01 10:09:51 - bpgv_strategy - INFO - Date range: 2000-01-01 to 2025-09-30
2025-10-01 10:09:51 - bpgv_strategy - INFO - 
========================================
2025-10-01 10:09:51 - bpgv_strategy - INFO - STEP 1: FETCHING DATA
2025-10-01 10:09:51 - bpgv_strategy - INFO - ========================================
2025-10-01 10:09:51 - bpgv_strategy - INFO - Data fetched successfully:
2025-10-01 10:09:51 - bpgv_strategy - INFO -   - Building permits: 308 months
2025-10-01 10:09:51 - bpgv_strategy - INFO -   - Unemployment: 309 months
2025-10-01 10:09:51 - bpgv_strategy - INFO -   - Futures data: 3960 days
2025-10-01 10:09:51 - bpgv_strategy - INFO - 
========================================
2025-10-01 10:09:51 - bpgv_strategy - INFO - STEP 2: GARCH MODEL & VOLATILITY FORECASTING
2025-10-01 10:09:51 - bpgv_strategy - INFO - ========================================
2025-10-01 10:09:51 - bpgv_strategy - INFO - Generating volatility forecasts using walk-forward analysis...
2025-10-01 10:09:51 - bpgv_strategy - INFO - GARCH model diagnostics:
2025-10-01 10:09:51 - bpgv_strategy - INFO -   - Persistence: 0.706
2025-10-01 10:09:51 - bpgv_strategy - INFO -   - Log-likelihood: -716.23
2025-10-01 10:09:51 - bpgv_strategy - INFO -   - AIC: 1438.45
2025-10-01 10:09:51 - bpgv_strategy - INFO - 
========================================
2025-10-01 10:09:51 - bpgv_strategy - INFO - STEP 3: SIGNAL GENERATION
2025-10-01 10:09:51 - bpgv_strategy - INFO - ========================================
2025-10-01 10:09:51 - bpgv_strategy - INFO - Signal statistics:
2025-10-01 10:09:51 - bpgv_strategy - INFO -   - Long signals: 10
2025-10-01 10:09:51 - bpgv_strategy - INFO -   - Short signals: 96
2025-10-01 10:09:51 - bpgv_strategy - INFO -   - Neutral periods: 142
2025-10-01 10:09:51 - bpgv_strategy - INFO -   - Filtered by regime: 0
2025-10-01 10:09:51 - bpgv_strategy - INFO - 
========================================
2025-10-01 10:09:51 - bpgv_strategy - INFO - STEP 4: BACKTESTING
2025-10-01 10:09:51 - bpgv_strategy - INFO - ========================================
2025-10-01 10:09:51 - bpgv_strategy - INFO - Running backtest with initial capital: $1,000,000
2025-10-01 10:09:51 - bpgv_strategy - INFO - Trade statistics:
2025-10-01 10:09:51 - bpgv_strategy - INFO -   - Total trades: 3
2025-10-01 10:09:51 - bpgv_strategy - INFO -   - Win rate: 33.3%
2025-10-01 10:09:51 - bpgv_strategy - INFO -   - Profit factor: 0.00
2025-10-01 10:09:51 - bpgv_strategy - INFO - 
========================================
2025-10-01 10:09:51 - bpgv_strategy - INFO - STEP 5: PERFORMANCE ANALYSIS
2025-10-01 10:09:51 - bpgv_strategy - INFO - ========================================
2025-10-01 10:09:51 - bpgv_strategy - INFO - Performance metrics:
2025-10-01 10:09:51 - bpgv_strategy - INFO -   - Total Return: -7.56%
2025-10-01 10:09:51 - bpgv_strategy - INFO -   - Annual Return: -0.51%
2025-10-01 10:09:51 - bpgv_strategy - INFO -   - Sharpe Ratio: -0.20
2025-10-01 10:09:51 - bpgv_strategy - INFO -   - Max Drawdown: -10.82%
2025-10-01 10:09:51 - bpgv_strategy - INFO -   - Calmar Ratio: -0.05
2025-10-01 10:09:51 - bpgv_strategy - INFO - 
========================================
2025-10-01 10:09:51 - bpgv_strategy - INFO - STEP 6: GENERATING VISUALIZATIONS
2025-10-01 10:09:51 - bpgv_strategy - INFO - ========================================
2025-10-01 10:09:54 - bpgv_strategy - INFO - 
========================================
2025-10-01 10:09:54 - bpgv_strategy - INFO - STEP 7: SAVING RESULTS
2025-10-01 10:09:54 - bpgv_strategy - INFO - ========================================
2025-10-01 10:09:54 - bpgv_strategy - INFO - Trade log saved to outputs/trade_log.csv
2025-10-01 10:09:54 - bpgv_strategy - INFO - 
========================================
2025-10-01 10:09:54 - bpgv_strategy - INFO - EXECUTION COMPLETE
2025-10-01 10:09:54 - bpgv_strategy - INFO - ========================================
2025-10-01 10:09:54 - bpgv_strategy - INFO - 
Results saved to: outputs
2025-10-01 10:09:54 - bpgv_strategy - INFO - Plots saved to: outputs/plots
2025-10-01 10:09:54 - bpgv_strategy - INFO - Log file: outputs/logs/bpgv_strategy_20251001_100951.log
2025-10-01 10:09:54 - bpgv_strategy - INFO - 
Strategy execution completed successfully!
